2019-01-13 10:51:17 37 [Note] InnoDB: Using atomics to ref count buffer pool pages
2019-01-13 10:51:17 37 [Note] InnoDB: The InnoDB memory heap is disabled
2019-01-13 10:51:17 37 [Note] InnoDB: Mutexes and rw_locks use GCC atomic builtins
2019-01-13 10:51:17 37 [Note] InnoDB: Memory barrier is not used
2019-01-13 10:51:17 37 [Note] InnoDB: Compressed tables use zlib 1.2.11
2019-01-13 10:51:17 37 [Note] InnoDB: Using Linux native AIO
2019-01-13 10:51:17 37 [Note] InnoDB: Using CPU crc32 instructions
2019-01-13 10:51:17 37 [Note] InnoDB: Initializing buffer pool, size = 128.0M
2019-01-13 10:51:17 37 [Note] InnoDB: Completed initialization of buffer pool
2019-01-13 10:51:17 37 [Note] InnoDB: The first specified data file ./ibdata1 did not exist: a new database to be created!
2019-01-13 10:51:17 37 [Note] InnoDB: Setting file ./ibdata1 size to 12 MB
2019-01-13 10:51:17 37 [Note] InnoDB: Database physically writes the file full: wait...
2019-01-13 10:51:17 37 [Note] InnoDB: Setting log file ./ib_logfile101 size to 48 MB
2019-01-13 10:51:17 37 [Note] InnoDB: Setting log file ./ib_logfile1 size to 48 MB
2019-01-13 10:51:17 37 [Note] InnoDB: Renaming log file ./ib_logfile101 to ./ib_logfile0
2019-01-13 10:51:17 37 [Warning] InnoDB: New log files created, LSN=45781
2019-01-13 10:51:17 37 [Note] InnoDB: Doublewrite buffer not found: creating new
2019-01-13 10:51:17 37 [Note] InnoDB: Doublewrite buffer created
2019-01-13 10:51:17 37 [Note] InnoDB: 128 rollback segment(s) are active.
2019-01-13 10:51:17 37 [Warning] InnoDB: Creating foreign key constraint system tables.
2019-01-13 10:51:17 37 [Note] InnoDB: Foreign key constraint system tables created
2019-01-13 10:51:17 37 [Note] InnoDB: Creating tablespace and datafile system tables.
2019-01-13 10:51:17 37 [Note] InnoDB: Tablespace and datafile system tables created.
2019-01-13 10:51:17 37 [Note] InnoDB: Waiting for purge to start
2019-01-13 10:51:17 37 [Note] InnoDB: 5.6.42 started; log sequence number 0
2019-01-13 10:51:20 37 [Note] Binlog end
2019-01-13 10:51:20 37 [Note] InnoDB: FTS optimize thread exiting.
2019-01-13 10:51:20 37 [Note] InnoDB: Starting shutdown...
2019-01-13 10:51:21 37 [Note] InnoDB: Shutdown completed; log sequence number 1625977
2019-01-13 10:51:22 60 [Note] InnoDB: Using atomics to ref count buffer pool pages
2019-01-13 10:51:22 60 [Note] InnoDB: The InnoDB memory heap is disabled
2019-01-13 10:51:22 60 [Note] InnoDB: Mutexes and rw_locks use GCC atomic builtins
2019-01-13 10:51:22 60 [Note] InnoDB: Memory barrier is not used
2019-01-13 10:51:22 60 [Note] InnoDB: Compressed tables use zlib 1.2.11
2019-01-13 10:51:22 60 [Note] InnoDB: Using Linux native AIO
2019-01-13 10:51:22 60 [Note] InnoDB: Using CPU crc32 instructions
2019-01-13 10:51:22 60 [Note] InnoDB: Initializing buffer pool, size = 128.0M
2019-01-13 10:51:22 60 [Note] InnoDB: Completed initialization of buffer pool
2019-01-13 10:51:22 60 [Note] InnoDB: Highest supported file format is Barracuda.
2019-01-13 10:51:22 60 [Note] InnoDB: 128 rollback segment(s) are active.
2019-01-13 10:51:22 60 [Note] InnoDB: Waiting for purge to start
2019-01-13 10:51:22 60 [Note] InnoDB: 5.6.42 started; log sequence number 1625977
2019-01-13 10:51:24 60 [Note] Binlog end
2019-01-13 10:51:24 60 [Note] InnoDB: FTS optimize thread exiting.
2019-01-13 10:51:24 60 [Note] InnoDB: Starting shutdown...
2019-01-13 10:51:26 60 [Note] InnoDB: Shutdown completed; log sequence number 1625987
2019-01-13 10:51:26 88 [Note] Plugin 'FEDERATED' is disabled.
2019-01-13 10:51:26 88 [Note] InnoDB: Using atomics to ref count buffer pool pages
2019-01-13 10:51:26 88 [Note] InnoDB: The InnoDB memory heap is disabled
2019-01-13 10:51:26 88 [Note] InnoDB: Mutexes and rw_locks use GCC atomic builtins
2019-01-13 10:51:26 88 [Note] InnoDB: Memory barrier is not used
2019-01-13 10:51:26 88 [Note] InnoDB: Compressed tables use zlib 1.2.11
2019-01-13 10:51:26 88 [Note] InnoDB: Using Linux native AIO
2019-01-13 10:51:26 88 [Note] InnoDB: Using CPU crc32 instructions
2019-01-13 10:51:26 88 [Note] InnoDB: Initializing buffer pool, size = 128.0M
2019-01-13 10:51:26 88 [Note] InnoDB: Completed initialization of buffer pool
2019-01-13 10:51:26 88 [Note] InnoDB: Highest supported file format is Barracuda.
2019-01-13 10:51:26 88 [Note] InnoDB: 128 rollback segment(s) are active.
2019-01-13 10:51:26 88 [Note] InnoDB: Waiting for purge to start
2019-01-13 10:51:26 88 [Note] InnoDB: 5.6.42 started; log sequence number 1625987
2019-01-13 10:51:26 88 [Warning] No existing UUID has been found, so we assume that this is the first time that this server has been started. Generating a new UUID: 2cf81786-1721-11e9-b9ae-0242ac120004.
2019-01-13 10:51:26 88 [Warning] Insecure configuration for --pid-file: Location '/var/run/mysqld' in the path is accessible to all OS users. Consider choosing a different directory.
2019-01-13 10:51:26 88 [Warning] 'user' entry 'root@c30c7ecda3d6' ignored in --skip-name-resolve mode.
2019-01-13 10:51:26 88 [Warning] 'user' entry '@c30c7ecda3d6' ignored in --skip-name-resolve mode.
2019-01-13 10:51:26 88 [Warning] 'proxies_priv' entry '@ root@c30c7ecda3d6' ignored in --skip-name-resolve mode.
2019-01-13 10:51:26 88 [Note] Event Scheduler: Loaded 0 events
2019-01-13 10:51:26 88 [Note] mysqld: ready for connections.
Version: '5.6.42-log'  socket: '/var/run/mysqld/mysqld.sock'  port: 0  MySQL Community Server (GPL)
2019-01-13 10:51:44 88 [Warning] 'proxies_priv' entry '@ root@c30c7ecda3d6' ignored in --skip-name-resolve mode.
2019-01-13 10:51:44 88 [Note] mysqld: Normal shutdown

2019-01-13 10:51:44 88 [Note] Giving 0 client threads a chance to die gracefully
2019-01-13 10:51:44 88 [Note] Event Scheduler: Purging the queue. 0 events
2019-01-13 10:51:44 88 [Note] Shutting down slave threads
2019-01-13 10:51:44 88 [Note] Forcefully disconnecting 0 remaining clients
2019-01-13 10:51:44 88 [Note] Binlog end
2019-01-13 10:51:44 88 [Note] Shutting down plugin 'partition'
2019-01-13 10:51:44 88 [Note] Shutting down plugin 'PERFORMANCE_SCHEMA'
2019-01-13 10:51:44 88 [Note] Shutting down plugin 'INNODB_SYS_DATAFILES'
2019-01-13 10:51:44 88 [Note] Shutting down plugin 'INNODB_SYS_TABLESPACES'
2019-01-13 10:51:44 88 [Note] Shutting down plugin 'INNODB_SYS_FOREIGN_COLS'
2019-01-13 10:51:44 88 [Note] Shutting down plugin 'INNODB_SYS_FOREIGN'
2019-01-13 10:51:44 88 [Note] Shutting down plugin 'INNODB_SYS_FIELDS'
2019-01-13 10:51:44 88 [Note] Shutting down plugin 'INNODB_SYS_COLUMNS'
2019-01-13 10:51:44 88 [Note] Shutting down plugin 'INNODB_SYS_INDEXES'
2019-01-13 10:51:44 88 [Note] Shutting down plugin 'INNODB_SYS_TABLESTATS'
2019-01-13 10:51:44 88 [Note] Shutting down plugin 'INNODB_SYS_TABLES'
2019-01-13 10:51:44 88 [Note] Shutting down plugin 'INNODB_FT_INDEX_TABLE'
2019-01-13 10:51:44 88 [Note] Shutting down plugin 'INNODB_FT_INDEX_CACHE'
2019-01-13 10:51:44 88 [Note] Shutting down plugin 'INNODB_FT_CONFIG'
2019-01-13 10:51:44 88 [Note] Shutting down plugin 'INNODB_FT_BEING_DELETED'
2019-01-13 10:51:44 88 [Note] Shutting down plugin 'INNODB_FT_DELETED'
2019-01-13 10:51:44 88 [Note] Shutting down plugin 'INNODB_FT_DEFAULT_STOPWORD'
2019-01-13 10:51:44 88 [Note] Shutting down plugin 'INNODB_METRICS'
2019-01-13 10:51:44 88 [Note] Shutting down plugin 'INNODB_BUFFER_POOL_STATS'
2019-01-13 10:51:44 88 [Note] Shutting down plugin 'INNODB_BUFFER_PAGE_LRU'
2019-01-13 10:51:44 88 [Note] Shutting down plugin 'INNODB_BUFFER_PAGE'
2019-01-13 10:51:44 88 [Note] Shutting down plugin 'INNODB_CMP_PER_INDEX_RESET'
2019-01-13 10:51:44 88 [Note] Shutting down plugin 'INNODB_CMP_PER_INDEX'
2019-01-13 10:51:44 88 [Note] Shutting down plugin 'INNODB_CMPMEM_RESET'
2019-01-13 10:51:44 88 [Note] Shutting down plugin 'INNODB_CMPMEM'
2019-01-13 10:51:44 88 [Note] Shutting down plugin 'INNODB_CMP_RESET'
2019-01-13 10:51:44 88 [Note] Shutting down plugin 'INNODB_CMP'
2019-01-13 10:51:44 88 [Note] Shutting down plugin 'INNODB_LOCK_WAITS'
2019-01-13 10:51:44 88 [Note] Shutting down plugin 'INNODB_LOCKS'
2019-01-13 10:51:44 88 [Note] Shutting down plugin 'INNODB_TRX'
2019-01-13 10:51:44 88 [Note] Shutting down plugin 'InnoDB'
2019-01-13 10:51:44 88 [Note] InnoDB: FTS optimize thread exiting.
2019-01-13 10:51:44 88 [Note] InnoDB: Starting shutdown...
2019-01-13 10:51:45 88 [Note] InnoDB: Shutdown completed; log sequence number 1625997
2019-01-13 10:51:45 88 [Note] Shutting down plugin 'BLACKHOLE'
2019-01-13 10:51:45 88 [Note] Shutting down plugin 'ARCHIVE'
2019-01-13 10:51:45 88 [Note] Shutting down plugin 'MRG_MYISAM'
2019-01-13 10:51:45 88 [Note] Shutting down plugin 'MyISAM'
2019-01-13 10:51:45 88 [Note] Shutting down plugin 'MEMORY'
2019-01-13 10:51:45 88 [Note] Shutting down plugin 'CSV'
2019-01-13 10:51:45 88 [Note] Shutting down plugin 'sha256_password'
2019-01-13 10:51:45 88 [Note] Shutting down plugin 'mysql_old_password'
2019-01-13 10:51:45 88 [Note] Shutting down plugin 'mysql_native_password'
2019-01-13 10:51:45 88 [Note] Shutting down plugin 'binlog'
2019-01-13 10:51:45 88 [Note] mysqld: Shutdown complete

2019-01-13 10:51:45 1 [Note] Plugin 'FEDERATED' is disabled.
2019-01-13 10:51:45 1 [Note] InnoDB: Using atomics to ref count buffer pool pages
2019-01-13 10:51:45 1 [Note] InnoDB: The InnoDB memory heap is disabled
2019-01-13 10:51:45 1 [Note] InnoDB: Mutexes and rw_locks use GCC atomic builtins
2019-01-13 10:51:45 1 [Note] InnoDB: Memory barrier is not used
2019-01-13 10:51:45 1 [Note] InnoDB: Compressed tables use zlib 1.2.11
2019-01-13 10:51:45 1 [Note] InnoDB: Using Linux native AIO
2019-01-13 10:51:45 1 [Note] InnoDB: Using CPU crc32 instructions
2019-01-13 10:51:45 1 [Note] InnoDB: Initializing buffer pool, size = 128.0M
2019-01-13 10:51:45 1 [Note] InnoDB: Completed initialization of buffer pool
2019-01-13 10:51:46 1 [Note] InnoDB: Highest supported file format is Barracuda.
2019-01-13 10:51:46 1 [Note] InnoDB: 128 rollback segment(s) are active.
2019-01-13 10:51:46 1 [Note] InnoDB: Waiting for purge to start
2019-01-13 10:51:46 1 [Note] InnoDB: 5.6.42 started; log sequence number 1625997
2019-01-13 10:51:46 1 [Note] Server hostname (bind-address): '*'; port: 3306
2019-01-13 10:51:46 1 [Note] IPv6 is available.
2019-01-13 10:51:46 1 [Note]   - '::' resolves to '::';
2019-01-13 10:51:46 1 [Note] Server socket created on IP: '::'.
2019-01-13 10:51:46 1 [Warning] Insecure configuration for --pid-file: Location '/var/run/mysqld' in the path is accessible to all OS users. Consider choosing a different directory.
2019-01-13 10:51:46 1 [Warning] 'proxies_priv' entry '@ root@c30c7ecda3d6' ignored in --skip-name-resolve mode.
2019-01-13 10:51:46 1 [Note] Event Scheduler: Loaded 0 events
2019-01-13 10:51:46 1 [Note] mysqld: ready for connections.
Version: '5.6.42-log'  socket: '/var/run/mysqld/mysqld.sock'  port: 3306  MySQL Community Server (GPL)
2019-01-13 11:03:57 1 [Note] Plugin 'FEDERATED' is disabled.
2019-01-13 11:03:57 1 [Note] InnoDB: Using atomics to ref count buffer pool pages
2019-01-13 11:03:57 1 [Note] InnoDB: The InnoDB memory heap is disabled
2019-01-13 11:03:57 1 [Note] InnoDB: Mutexes and rw_locks use GCC atomic builtins
2019-01-13 11:03:57 1 [Note] InnoDB: Memory barrier is not used
2019-01-13 11:03:57 1 [Note] InnoDB: Compressed tables use zlib 1.2.11
2019-01-13 11:03:57 1 [Note] InnoDB: Using Linux native AIO
2019-01-13 11:03:57 1 [Note] InnoDB: Using CPU crc32 instructions
2019-01-13 11:03:57 1 [Note] InnoDB: Initializing buffer pool, size = 128.0M
2019-01-13 11:03:57 1 [Note] InnoDB: Completed initialization of buffer pool
2019-01-13 11:03:57 1 [Note] InnoDB: Highest supported file format is Barracuda.
2019-01-13 11:03:57 1 [Note] InnoDB: The log sequence numbers 1625997 and 1625997 in ibdata files do not match the log sequence number 1942419 in the ib_logfiles!
2019-01-13 11:03:57 1 [Note] InnoDB: Database was not shutdown normally!
2019-01-13 11:03:57 1 [Note] InnoDB: Starting crash recovery.
2019-01-13 11:03:57 1 [Note] InnoDB: Reading tablespace information from the .ibd files...
2019-01-13 11:03:57 1 [Note] InnoDB: Restoring possible half-written data pages 
2019-01-13 11:03:57 1 [Note] InnoDB: from the doublewrite buffer...
2019-01-13 11:03:57 1 [Note] InnoDB: 128 rollback segment(s) are active.
2019-01-13 11:03:57 1 [Note] InnoDB: Waiting for purge to start
2019-01-13 11:03:57 1 [Note] InnoDB: 5.6.42 started; log sequence number 1942419
2019-01-13 11:03:57 1 [Note] Server hostname (bind-address): '*'; port: 3306
2019-01-13 11:03:57 1 [Note] IPv6 is available.
2019-01-13 11:03:57 1 [Note]   - '::' resolves to '::';
2019-01-13 11:03:57 1 [Note] Server socket created on IP: '::'.
2019-01-13 11:03:57 1 [Warning] Insecure configuration for --pid-file: Location '/var/run/mysqld' in the path is accessible to all OS users. Consider choosing a different directory.
2019-01-13 11:03:57 1 [Warning] 'proxies_priv' entry '@ root@c30c7ecda3d6' ignored in --skip-name-resolve mode.
2019-01-13 11:03:58 1 [Note] Event Scheduler: Loaded 0 events
2019-01-13 11:03:58 1 [Note] mysqld: ready for connections.
Version: '5.6.42-log'  socket: '/var/run/mysqld/mysqld.sock'  port: 3306  MySQL Community Server (GPL)
2019-01-13 11:40:12 1 [Note] Plugin 'FEDERATED' is disabled.
2019-01-13 11:40:12 1 [Note] InnoDB: Using atomics to ref count buffer pool pages
2019-01-13 11:40:12 1 [Note] InnoDB: The InnoDB memory heap is disabled
2019-01-13 11:40:12 1 [Note] InnoDB: Mutexes and rw_locks use GCC atomic builtins
2019-01-13 11:40:12 1 [Note] InnoDB: Memory barrier is not used
2019-01-13 11:40:12 1 [Note] InnoDB: Compressed tables use zlib 1.2.11
2019-01-13 11:40:12 1 [Note] InnoDB: Using Linux native AIO
2019-01-13 11:40:12 1 [Note] InnoDB: Using CPU crc32 instructions
2019-01-13 11:40:12 1 [Note] InnoDB: Initializing buffer pool, size = 128.0M
2019-01-13 11:40:12 1 [Note] InnoDB: Completed initialization of buffer pool
2019-01-13 11:40:12 1 [Note] InnoDB: Highest supported file format is Barracuda.
2019-01-13 11:40:12 1 [Note] InnoDB: The log sequence numbers 1625997 and 1625997 in ibdata files do not match the log sequence number 1942429 in the ib_logfiles!
2019-01-13 11:40:12 1 [Note] InnoDB: Database was not shutdown normally!
2019-01-13 11:40:12 1 [Note] InnoDB: Starting crash recovery.
2019-01-13 11:40:12 1 [Note] InnoDB: Reading tablespace information from the .ibd files...
2019-01-13 11:40:12 1 [Note] InnoDB: Restoring possible half-written data pages 
2019-01-13 11:40:12 1 [Note] InnoDB: from the doublewrite buffer...
2019-01-13 11:40:12 1 [Note] InnoDB: 128 rollback segment(s) are active.
2019-01-13 11:40:12 1 [Note] InnoDB: Waiting for purge to start
2019-01-13 11:40:12 1 [Note] InnoDB: 5.6.42 started; log sequence number 1942429
2019-01-13 11:40:12 1 [Note] Server hostname (bind-address): '*'; port: 3306
2019-01-13 11:40:12 1 [Note] IPv6 is available.
2019-01-13 11:40:12 1 [Note]   - '::' resolves to '::';
2019-01-13 11:40:12 1 [Note] Server socket created on IP: '::'.
2019-01-13 11:40:12 1 [Warning] Insecure configuration for --pid-file: Location '/var/run/mysqld' in the path is accessible to all OS users. Consider choosing a different directory.
2019-01-13 11:40:12 1 [Warning] 'proxies_priv' entry '@ root@c30c7ecda3d6' ignored in --skip-name-resolve mode.
2019-01-13 11:40:13 1 [Note] Event Scheduler: Loaded 0 events
2019-01-13 11:40:13 1 [Note] mysqld: ready for connections.
Version: '5.6.42-log'  socket: '/var/run/mysqld/mysqld.sock'  port: 3306  MySQL Community Server (GPL)
2019-01-13 11:49:29 1 [Note] mysqld: Normal shutdown

2019-01-13 11:49:29 1 [Note] Giving 0 client threads a chance to die gracefully
2019-01-13 11:49:29 1 [Note] Event Scheduler: Purging the queue. 0 events
2019-01-13 11:49:29 1 [Note] Shutting down slave threads
2019-01-13 11:49:29 1 [Note] Forcefully disconnecting 0 remaining clients
2019-01-13 11:49:29 1 [Note] Binlog end
2019-01-13 11:49:29 1 [Note] Shutting down plugin 'partition'
2019-01-13 11:49:29 1 [Note] Shutting down plugin 'PERFORMANCE_SCHEMA'
2019-01-13 11:49:29 1 [Note] Shutting down plugin 'INNODB_SYS_DATAFILES'
2019-01-13 11:49:29 1 [Note] Shutting down plugin 'INNODB_SYS_TABLESPACES'
2019-01-13 11:49:29 1 [Note] Shutting down plugin 'INNODB_SYS_FOREIGN_COLS'
2019-01-13 11:49:29 1 [Note] Shutting down plugin 'INNODB_SYS_FOREIGN'
2019-01-13 11:49:29 1 [Note] Shutting down plugin 'INNODB_SYS_FIELDS'
2019-01-13 11:49:29 1 [Note] Shutting down plugin 'INNODB_SYS_COLUMNS'
2019-01-13 11:49:29 1 [Note] Shutting down plugin 'INNODB_SYS_INDEXES'
2019-01-13 11:49:29 1 [Note] Shutting down plugin 'INNODB_SYS_TABLESTATS'
2019-01-13 11:49:29 1 [Note] Shutting down plugin 'INNODB_SYS_TABLES'
2019-01-13 11:49:29 1 [Note] Shutting down plugin 'INNODB_FT_INDEX_TABLE'
2019-01-13 11:49:29 1 [Note] Shutting down plugin 'INNODB_FT_INDEX_CACHE'
2019-01-13 11:49:29 1 [Note] Shutting down plugin 'INNODB_FT_CONFIG'
2019-01-13 11:49:29 1 [Note] Shutting down plugin 'INNODB_FT_BEING_DELETED'
2019-01-13 11:49:29 1 [Note] Shutting down plugin 'INNODB_FT_DELETED'
2019-01-13 11:49:29 1 [Note] Shutting down plugin 'INNODB_FT_DEFAULT_STOPWORD'
2019-01-13 11:49:29 1 [Note] Shutting down plugin 'INNODB_METRICS'
2019-01-13 11:49:29 1 [Note] Shutting down plugin 'INNODB_BUFFER_POOL_STATS'
2019-01-13 11:49:29 1 [Note] Shutting down plugin 'INNODB_BUFFER_PAGE_LRU'
2019-01-13 11:49:29 1 [Note] Shutting down plugin 'INNODB_BUFFER_PAGE'
2019-01-13 11:49:29 1 [Note] Shutting down plugin 'INNODB_CMP_PER_INDEX_RESET'
2019-01-13 11:49:29 1 [Note] Shutting down plugin 'INNODB_CMP_PER_INDEX'
2019-01-13 11:49:29 1 [Note] Shutting down plugin 'INNODB_CMPMEM_RESET'
2019-01-13 11:49:29 1 [Note] Shutting down plugin 'INNODB_CMPMEM'
2019-01-13 11:49:29 1 [Note] Shutting down plugin 'INNODB_CMP_RESET'
2019-01-13 11:49:29 1 [Note] Shutting down plugin 'INNODB_CMP'
2019-01-13 11:49:29 1 [Note] Shutting down plugin 'INNODB_LOCK_WAITS'
2019-01-13 11:49:29 1 [Note] Shutting down plugin 'INNODB_LOCKS'
2019-01-13 11:49:29 1 [Note] Shutting down plugin 'INNODB_TRX'
2019-01-13 11:49:29 1 [Note] Shutting down plugin 'InnoDB'
2019-01-13 11:49:29 1 [Note] InnoDB: FTS optimize thread exiting.
2019-01-13 11:49:29 1 [Note] InnoDB: Starting shutdown...
2019-01-13 11:49:30 1 [Note] InnoDB: Shutdown completed; log sequence number 1942439
2019-01-13 11:49:30 1 [Note] Shutting down plugin 'BLACKHOLE'
2019-01-13 11:49:30 1 [Note] Shutting down plugin 'ARCHIVE'
2019-01-13 11:49:30 1 [Note] Shutting down plugin 'MRG_MYISAM'
2019-01-13 11:49:30 1 [Note] Shutting down plugin 'MyISAM'
2019-01-13 11:49:30 1 [Note] Shutting down plugin 'MEMORY'
2019-01-13 11:49:30 1 [Note] Shutting down plugin 'CSV'
2019-01-13 11:49:30 1 [Note] Shutting down plugin 'sha256_password'
2019-01-13 11:49:30 1 [Note] Shutting down plugin 'mysql_old_password'
2019-01-13 11:49:30 1 [Note] Shutting down plugin 'mysql_native_password'
2019-01-13 11:49:30 1 [Note] Shutting down plugin 'binlog'
2019-01-13 11:49:30 1 [Note] mysqld: Shutdown complete

2019-01-13 13:23:28 1 [Note] Plugin 'FEDERATED' is disabled.
2019-01-13 13:23:28 1 [Note] InnoDB: Using atomics to ref count buffer pool pages
2019-01-13 13:23:28 1 [Note] InnoDB: The InnoDB memory heap is disabled
2019-01-13 13:23:28 1 [Note] InnoDB: Mutexes and rw_locks use GCC atomic builtins
2019-01-13 13:23:28 1 [Note] InnoDB: Memory barrier is not used
2019-01-13 13:23:28 1 [Note] InnoDB: Compressed tables use zlib 1.2.11
2019-01-13 13:23:28 1 [Note] InnoDB: Using Linux native AIO
2019-01-13 13:23:28 1 [Note] InnoDB: Using CPU crc32 instructions
2019-01-13 13:23:28 1 [Note] InnoDB: Initializing buffer pool, size = 128.0M
2019-01-13 13:23:28 1 [Note] InnoDB: Completed initialization of buffer pool
2019-01-13 13:23:28 1 [Note] InnoDB: Highest supported file format is Barracuda.
2019-01-13 13:23:28 1 [Note] InnoDB: 128 rollback segment(s) are active.
2019-01-13 13:23:28 1 [Note] InnoDB: Waiting for purge to start
2019-01-13 13:23:28 1 [Note] InnoDB: 5.6.42 started; log sequence number 1942439
2019-01-13 13:23:28 1 [Note] Server hostname (bind-address): '*'; port: 3306
2019-01-13 13:23:28 1 [Note] IPv6 is available.
2019-01-13 13:23:28 1 [Note]   - '::' resolves to '::';
2019-01-13 13:23:28 1 [Note] Server socket created on IP: '::'.
2019-01-13 13:23:28 1 [Warning] Insecure configuration for --pid-file: Location '/var/run/mysqld' in the path is accessible to all OS users. Consider choosing a different directory.
2019-01-13 13:23:28 1 [Warning] 'proxies_priv' entry '@ root@c30c7ecda3d6' ignored in --skip-name-resolve mode.
2019-01-13 13:23:28 1 [Note] Event Scheduler: Loaded 0 events
2019-01-13 13:23:28 1 [Note] mysqld: ready for connections.
Version: '5.6.42-log'  socket: '/var/run/mysqld/mysqld.sock'  port: 3306  MySQL Community Server (GPL)
2019-01-13 13:24:56 1 [Note] Plugin 'FEDERATED' is disabled.
2019-01-13 13:24:56 1 [Note] InnoDB: Using atomics to ref count buffer pool pages
2019-01-13 13:24:56 1 [Note] InnoDB: The InnoDB memory heap is disabled
2019-01-13 13:24:56 1 [Note] InnoDB: Mutexes and rw_locks use GCC atomic builtins
2019-01-13 13:24:56 1 [Note] InnoDB: Memory barrier is not used
2019-01-13 13:24:56 1 [Note] InnoDB: Compressed tables use zlib 1.2.11
2019-01-13 13:24:56 1 [Note] InnoDB: Using Linux native AIO
2019-01-13 13:24:56 1 [Note] InnoDB: Using CPU crc32 instructions
2019-01-13 13:24:56 1 [Note] InnoDB: Initializing buffer pool, size = 128.0M
2019-01-13 13:24:56 1 [Note] InnoDB: Completed initialization of buffer pool
2019-01-13 13:24:56 1 [Note] InnoDB: Highest supported file format is Barracuda.
2019-01-13 13:24:56 1 [Note] InnoDB: The log sequence numbers 1942439 and 1942439 in ibdata files do not match the log sequence number 1942449 in the ib_logfiles!
2019-01-13 13:24:56 1 [Note] InnoDB: Database was not shutdown normally!
2019-01-13 13:24:56 1 [Note] InnoDB: Starting crash recovery.
2019-01-13 13:24:56 1 [Note] InnoDB: Reading tablespace information from the .ibd files...
2019-01-13 13:24:56 1 [Note] InnoDB: Restoring possible half-written data pages 
2019-01-13 13:24:56 1 [Note] InnoDB: from the doublewrite buffer...
2019-01-13 13:24:56 1 [Note] InnoDB: 128 rollback segment(s) are active.
2019-01-13 13:24:56 1 [Note] InnoDB: Waiting for purge to start
2019-01-13 13:24:56 1 [Note] InnoDB: 5.6.42 started; log sequence number 1942449
2019-01-13 13:24:56 1 [Note] Server hostname (bind-address): '*'; port: 3306
2019-01-13 13:24:56 1 [Note] IPv6 is available.
2019-01-13 13:24:56 1 [Note]   - '::' resolves to '::';
2019-01-13 13:24:56 1 [Note] Server socket created on IP: '::'.
2019-01-13 13:24:56 1 [Warning] Insecure configuration for --pid-file: Location '/var/run/mysqld' in the path is accessible to all OS users. Consider choosing a different directory.
2019-01-13 13:24:56 1 [Warning] 'proxies_priv' entry '@ root@c30c7ecda3d6' ignored in --skip-name-resolve mode.
2019-01-13 13:24:56 1 [Note] Event Scheduler: Loaded 0 events
2019-01-13 13:24:56 1 [Note] mysqld: ready for connections.
Version: '5.6.42-log'  socket: '/var/run/mysqld/mysqld.sock'  port: 3306  MySQL Community Server (GPL)
2019-01-13 13:27:02 1 [Note] Plugin 'FEDERATED' is disabled.
2019-01-13 13:27:02 1 [Note] InnoDB: Using atomics to ref count buffer pool pages
2019-01-13 13:27:02 1 [Note] InnoDB: The InnoDB memory heap is disabled
2019-01-13 13:27:02 1 [Note] InnoDB: Mutexes and rw_locks use GCC atomic builtins
2019-01-13 13:27:02 1 [Note] InnoDB: Memory barrier is not used
2019-01-13 13:27:02 1 [Note] InnoDB: Compressed tables use zlib 1.2.11
2019-01-13 13:27:02 1 [Note] InnoDB: Using Linux native AIO
2019-01-13 13:27:02 1 [Note] InnoDB: Using CPU crc32 instructions
2019-01-13 13:27:02 1 [Note] InnoDB: Initializing buffer pool, size = 128.0M
2019-01-13 13:27:02 1 [Note] InnoDB: Completed initialization of buffer pool
2019-01-13 13:27:02 1 [Note] InnoDB: Highest supported file format is Barracuda.
2019-01-13 13:27:02 1 [Note] InnoDB: The log sequence numbers 1942439 and 1942439 in ibdata files do not match the log sequence number 1942459 in the ib_logfiles!
2019-01-13 13:27:02 1 [Note] InnoDB: Database was not shutdown normally!
2019-01-13 13:27:02 1 [Note] InnoDB: Starting crash recovery.
2019-01-13 13:27:02 1 [Note] InnoDB: Reading tablespace information from the .ibd files...
2019-01-13 13:27:03 1 [Note] InnoDB: Restoring possible half-written data pages 
2019-01-13 13:27:03 1 [Note] InnoDB: from the doublewrite buffer...
2019-01-13 13:27:03 1 [Note] InnoDB: 128 rollback segment(s) are active.
2019-01-13 13:27:03 1 [Note] InnoDB: Waiting for purge to start
2019-01-13 13:27:03 1 [Note] InnoDB: 5.6.42 started; log sequence number 1942459
2019-01-13 13:27:03 1 [Note] Server hostname (bind-address): '*'; port: 3306
2019-01-13 13:27:03 1 [Note] IPv6 is available.
2019-01-13 13:27:03 1 [Note]   - '::' resolves to '::';
2019-01-13 13:27:03 1 [Note] Server socket created on IP: '::'.
2019-01-13 13:27:03 1 [Warning] Insecure configuration for --pid-file: Location '/var/run/mysqld' in the path is accessible to all OS users. Consider choosing a different directory.
2019-01-13 13:27:03 1 [Warning] 'proxies_priv' entry '@ root@c30c7ecda3d6' ignored in --skip-name-resolve mode.
2019-01-13 13:27:03 1 [Note] Event Scheduler: Loaded 0 events
2019-01-13 13:27:03 1 [Note] mysqld: ready for connections.
Version: '5.6.42-log'  socket: '/var/run/mysqld/mysqld.sock'  port: 3306  MySQL Community Server (GPL)
2019-01-13 13:30:33 1 [Note] Plugin 'FEDERATED' is disabled.
2019-01-13 13:30:33 1 [Note] InnoDB: Using atomics to ref count buffer pool pages
2019-01-13 13:30:33 1 [Note] InnoDB: The InnoDB memory heap is disabled
2019-01-13 13:30:33 1 [Note] InnoDB: Mutexes and rw_locks use GCC atomic builtins
2019-01-13 13:30:33 1 [Note] InnoDB: Memory barrier is not used
2019-01-13 13:30:33 1 [Note] InnoDB: Compressed tables use zlib 1.2.11
2019-01-13 13:30:33 1 [Note] InnoDB: Using Linux native AIO
2019-01-13 13:30:33 1 [Note] InnoDB: Using CPU crc32 instructions
2019-01-13 13:30:33 1 [Note] InnoDB: Initializing buffer pool, size = 128.0M
2019-01-13 13:30:33 1 [Note] InnoDB: Completed initialization of buffer pool
2019-01-13 13:30:33 1 [Note] InnoDB: Highest supported file format is Barracuda.
2019-01-13 13:30:33 1 [Note] InnoDB: The log sequence numbers 1942439 and 1942439 in ibdata files do not match the log sequence number 1942469 in the ib_logfiles!
2019-01-13 13:30:33 1 [Note] InnoDB: Database was not shutdown normally!
2019-01-13 13:30:33 1 [Note] InnoDB: Starting crash recovery.
2019-01-13 13:30:33 1 [Note] InnoDB: Reading tablespace information from the .ibd files...
2019-01-13 13:30:33 1 [Note] InnoDB: Restoring possible half-written data pages 
2019-01-13 13:30:33 1 [Note] InnoDB: from the doublewrite buffer...
2019-01-13 13:30:33 1 [Note] InnoDB: 128 rollback segment(s) are active.
2019-01-13 13:30:33 1 [Note] InnoDB: Waiting for purge to start
2019-01-13 13:30:33 1 [Note] InnoDB: 5.6.42 started; log sequence number 1942469
2019-01-13 13:30:33 1 [Note] Server hostname (bind-address): '*'; port: 3306
2019-01-13 13:30:33 1 [Note] IPv6 is available.
2019-01-13 13:30:33 1 [Note]   - '::' resolves to '::';
2019-01-13 13:30:33 1 [Note] Server socket created on IP: '::'.
2019-01-13 13:30:33 1 [Warning] Insecure configuration for --pid-file: Location '/var/run/mysqld' in the path is accessible to all OS users. Consider choosing a different directory.
2019-01-13 13:30:33 1 [Warning] 'proxies_priv' entry '@ root@c30c7ecda3d6' ignored in --skip-name-resolve mode.
2019-01-13 13:30:33 1 [Note] Event Scheduler: Loaded 0 events
2019-01-13 13:30:33 1 [Note] mysqld: ready for connections.
Version: '5.6.42-log'  socket: '/var/run/mysqld/mysqld.sock'  port: 3306  MySQL Community Server (GPL)
2019-01-13 13:39:27 1 [Note] Plugin 'FEDERATED' is disabled.
2019-01-13 13:39:27 1 [Note] InnoDB: Using atomics to ref count buffer pool pages
2019-01-13 13:39:27 1 [Note] InnoDB: The InnoDB memory heap is disabled
2019-01-13 13:39:27 1 [Note] InnoDB: Mutexes and rw_locks use GCC atomic builtins
2019-01-13 13:39:27 1 [Note] InnoDB: Memory barrier is not used
2019-01-13 13:39:27 1 [Note] InnoDB: Compressed tables use zlib 1.2.11
2019-01-13 13:39:27 1 [Note] InnoDB: Using Linux native AIO
2019-01-13 13:39:27 1 [Note] InnoDB: Using CPU crc32 instructions
2019-01-13 13:39:27 1 [Note] InnoDB: Initializing buffer pool, size = 128.0M
2019-01-13 13:39:27 1 [Note] InnoDB: Completed initialization of buffer pool
2019-01-13 13:39:27 1 [Note] InnoDB: Highest supported file format is Barracuda.
2019-01-13 13:39:27 1 [Note] InnoDB: The log sequence numbers 1942439 and 1942439 in ibdata files do not match the log sequence number 1942479 in the ib_logfiles!
2019-01-13 13:39:27 1 [Note] InnoDB: Database was not shutdown normally!
2019-01-13 13:39:27 1 [Note] InnoDB: Starting crash recovery.
2019-01-13 13:39:27 1 [Note] InnoDB: Reading tablespace information from the .ibd files...
2019-01-13 13:39:27 1 [Note] InnoDB: Restoring possible half-written data pages 
2019-01-13 13:39:27 1 [Note] InnoDB: from the doublewrite buffer...
2019-01-13 13:39:28 1 [Note] InnoDB: 128 rollback segment(s) are active.
2019-01-13 13:39:28 1 [Note] InnoDB: Waiting for purge to start
2019-01-13 13:39:28 1 [Note] InnoDB: 5.6.42 started; log sequence number 1942479
2019-01-13 13:39:28 1 [Note] Server hostname (bind-address): '*'; port: 3306
2019-01-13 13:39:28 1 [Note] IPv6 is available.
2019-01-13 13:39:28 1 [Note]   - '::' resolves to '::';
2019-01-13 13:39:28 1 [Note] Server socket created on IP: '::'.
2019-01-13 13:39:28 1 [Warning] Insecure configuration for --pid-file: Location '/var/run/mysqld' in the path is accessible to all OS users. Consider choosing a different directory.
2019-01-13 13:39:28 1 [Warning] 'proxies_priv' entry '@ root@c30c7ecda3d6' ignored in --skip-name-resolve mode.
2019-01-13 13:39:28 1 [Note] Event Scheduler: Loaded 0 events
2019-01-13 13:39:28 1 [Note] mysqld: ready for connections.
Version: '5.6.42-log'  socket: '/var/run/mysqld/mysqld.sock'  port: 3306  MySQL Community Server (GPL)
2019-01-13 13:43:04 1 [Note] Plugin 'FEDERATED' is disabled.
2019-01-13 13:43:04 1 [Note] InnoDB: Using atomics to ref count buffer pool pages
2019-01-13 13:43:04 1 [Note] InnoDB: The InnoDB memory heap is disabled
2019-01-13 13:43:04 1 [Note] InnoDB: Mutexes and rw_locks use GCC atomic builtins
2019-01-13 13:43:04 1 [Note] InnoDB: Memory barrier is not used
2019-01-13 13:43:04 1 [Note] InnoDB: Compressed tables use zlib 1.2.11
2019-01-13 13:43:04 1 [Note] InnoDB: Using Linux native AIO
2019-01-13 13:43:04 1 [Note] InnoDB: Using CPU crc32 instructions
2019-01-13 13:43:04 1 [Note] InnoDB: Initializing buffer pool, size = 128.0M
2019-01-13 13:43:04 1 [Note] InnoDB: Completed initialization of buffer pool
2019-01-13 13:43:04 1 [Note] InnoDB: Highest supported file format is Barracuda.
2019-01-13 13:43:04 1 [Note] InnoDB: The log sequence numbers 1942439 and 1942439 in ibdata files do not match the log sequence number 1942489 in the ib_logfiles!
2019-01-13 13:43:04 1 [Note] InnoDB: Database was not shutdown normally!
2019-01-13 13:43:04 1 [Note] InnoDB: Starting crash recovery.
2019-01-13 13:43:04 1 [Note] InnoDB: Reading tablespace information from the .ibd files...
2019-01-13 13:43:05 1 [Note] InnoDB: Restoring possible half-written data pages 
2019-01-13 13:43:05 1 [Note] InnoDB: from the doublewrite buffer...
2019-01-13 13:43:05 1 [Note] InnoDB: 128 rollback segment(s) are active.
2019-01-13 13:43:05 1 [Note] InnoDB: Waiting for purge to start
2019-01-13 13:43:05 1 [Note] InnoDB: 5.6.42 started; log sequence number 1942489
2019-01-13 13:43:05 1 [Note] Server hostname (bind-address): '*'; port: 3306
2019-01-13 13:43:05 1 [Note] IPv6 is available.
2019-01-13 13:43:05 1 [Note]   - '::' resolves to '::';
2019-01-13 13:43:05 1 [Note] Server socket created on IP: '::'.
2019-01-13 13:43:05 1 [Warning] Insecure configuration for --pid-file: Location '/var/run/mysqld' in the path is accessible to all OS users. Consider choosing a different directory.
2019-01-13 13:43:05 1 [Warning] 'proxies_priv' entry '@ root@c30c7ecda3d6' ignored in --skip-name-resolve mode.
2019-01-13 13:43:05 1 [Note] Event Scheduler: Loaded 0 events
2019-01-13 13:43:05 1 [Note] mysqld: ready for connections.
Version: '5.6.42-log'  socket: '/var/run/mysqld/mysqld.sock'  port: 3306  MySQL Community Server (GPL)
2019-01-13 13:44:45 1 [Note] mysqld: Normal shutdown

2019-01-13 13:44:45 1 [Note] Giving 0 client threads a chance to die gracefully
2019-01-13 13:44:45 1 [Note] Event Scheduler: Purging the queue. 0 events
2019-01-13 13:44:45 1 [Note] Shutting down slave threads
2019-01-13 13:44:45 1 [Note] Forcefully disconnecting 0 remaining clients
2019-01-13 13:44:45 1 [Note] Binlog end
2019-01-13 13:44:45 1 [Note] Shutting down plugin 'partition'
2019-01-13 13:44:45 1 [Note] Shutting down plugin 'PERFORMANCE_SCHEMA'
2019-01-13 13:44:45 1 [Note] Shutting down plugin 'INNODB_SYS_DATAFILES'
2019-01-13 13:44:45 1 [Note] Shutting down plugin 'INNODB_SYS_TABLESPACES'
2019-01-13 13:44:45 1 [Note] Shutting down plugin 'INNODB_SYS_FOREIGN_COLS'
2019-01-13 13:44:45 1 [Note] Shutting down plugin 'INNODB_SYS_FOREIGN'
2019-01-13 13:44:45 1 [Note] Shutting down plugin 'INNODB_SYS_FIELDS'
2019-01-13 13:44:45 1 [Note] Shutting down plugin 'INNODB_SYS_COLUMNS'
2019-01-13 13:44:45 1 [Note] Shutting down plugin 'INNODB_SYS_INDEXES'
2019-01-13 13:44:45 1 [Note] Shutting down plugin 'INNODB_SYS_TABLESTATS'
2019-01-13 13:44:45 1 [Note] Shutting down plugin 'INNODB_SYS_TABLES'
2019-01-13 13:44:45 1 [Note] Shutting down plugin 'INNODB_FT_INDEX_TABLE'
2019-01-13 13:44:45 1 [Note] Shutting down plugin 'INNODB_FT_INDEX_CACHE'
2019-01-13 13:44:45 1 [Note] Shutting down plugin 'INNODB_FT_CONFIG'
2019-01-13 13:44:45 1 [Note] Shutting down plugin 'INNODB_FT_BEING_DELETED'
2019-01-13 13:44:45 1 [Note] Shutting down plugin 'INNODB_FT_DELETED'
2019-01-13 13:44:45 1 [Note] Shutting down plugin 'INNODB_FT_DEFAULT_STOPWORD'
2019-01-13 13:44:45 1 [Note] Shutting down plugin 'INNODB_METRICS'
2019-01-13 13:44:45 1 [Note] Shutting down plugin 'INNODB_BUFFER_POOL_STATS'
2019-01-13 13:44:45 1 [Note] Shutting down plugin 'INNODB_BUFFER_PAGE_LRU'
2019-01-13 13:44:45 1 [Note] Shutting down plugin 'INNODB_BUFFER_PAGE'
2019-01-13 13:44:45 1 [Note] Shutting down plugin 'INNODB_CMP_PER_INDEX_RESET'
2019-01-13 13:44:45 1 [Note] Shutting down plugin 'INNODB_CMP_PER_INDEX'
2019-01-13 13:44:45 1 [Note] Shutting down plugin 'INNODB_CMPMEM_RESET'
2019-01-13 13:44:45 1 [Note] Shutting down plugin 'INNODB_CMPMEM'
2019-01-13 13:44:45 1 [Note] Shutting down plugin 'INNODB_CMP_RESET'
2019-01-13 13:44:45 1 [Note] Shutting down plugin 'INNODB_CMP'
2019-01-13 13:44:45 1 [Note] Shutting down plugin 'INNODB_LOCK_WAITS'
2019-01-13 13:44:45 1 [Note] Shutting down plugin 'INNODB_LOCKS'
2019-01-13 13:44:45 1 [Note] Shutting down plugin 'INNODB_TRX'
2019-01-13 13:44:45 1 [Note] Shutting down plugin 'InnoDB'
2019-01-13 13:44:45 1 [Note] InnoDB: FTS optimize thread exiting.
2019-01-13 13:44:45 1 [Note] InnoDB: Starting shutdown...
2019-01-13 13:44:47 1 [Note] InnoDB: Shutdown completed; log sequence number 1942499
2019-01-13 13:44:47 1 [Note] Shutting down plugin 'BLACKHOLE'
2019-01-13 13:44:47 1 [Note] Shutting down plugin 'ARCHIVE'
2019-01-13 13:44:47 1 [Note] Shutting down plugin 'MRG_MYISAM'
2019-01-13 13:44:47 1 [Note] Shutting down plugin 'MyISAM'
2019-01-13 13:44:47 1 [Note] Shutting down plugin 'MEMORY'
2019-01-13 13:44:47 1 [Note] Shutting down plugin 'CSV'
2019-01-13 13:44:47 1 [Note] Shutting down plugin 'sha256_password'
2019-01-13 13:44:47 1 [Note] Shutting down plugin 'mysql_old_password'
2019-01-13 13:44:47 1 [Note] Shutting down plugin 'mysql_native_password'
2019-01-13 13:44:47 1 [Note] Shutting down plugin 'binlog'
2019-01-13 13:44:47 1 [Note] mysqld: Shutdown complete

2019-01-13 13:45:00 1 [Note] Plugin 'FEDERATED' is disabled.
2019-01-13 13:45:00 1 [Note] InnoDB: Using atomics to ref count buffer pool pages
2019-01-13 13:45:00 1 [Note] InnoDB: The InnoDB memory heap is disabled
2019-01-13 13:45:00 1 [Note] InnoDB: Mutexes and rw_locks use GCC atomic builtins
2019-01-13 13:45:00 1 [Note] InnoDB: Memory barrier is not used
2019-01-13 13:45:00 1 [Note] InnoDB: Compressed tables use zlib 1.2.11
2019-01-13 13:45:00 1 [Note] InnoDB: Using Linux native AIO
2019-01-13 13:45:00 1 [Note] InnoDB: Using CPU crc32 instructions
2019-01-13 13:45:00 1 [Note] InnoDB: Initializing buffer pool, size = 128.0M
2019-01-13 13:45:00 1 [Note] InnoDB: Completed initialization of buffer pool
2019-01-13 13:45:00 1 [Note] InnoDB: Highest supported file format is Barracuda.
2019-01-13 13:45:00 1 [Note] InnoDB: 128 rollback segment(s) are active.
2019-01-13 13:45:00 1 [Note] InnoDB: Waiting for purge to start
2019-01-13 13:45:00 1 [Note] InnoDB: 5.6.42 started; log sequence number 1942499
2019-01-13 13:45:00 1 [Note] Server hostname (bind-address): '*'; port: 3306
2019-01-13 13:45:00 1 [Note] IPv6 is available.
2019-01-13 13:45:00 1 [Note]   - '::' resolves to '::';
2019-01-13 13:45:00 1 [Note] Server socket created on IP: '::'.
2019-01-13 13:45:00 1 [Warning] Insecure configuration for --pid-file: Location '/var/run/mysqld' in the path is accessible to all OS users. Consider choosing a different directory.
2019-01-13 13:45:00 1 [Warning] 'proxies_priv' entry '@ root@c30c7ecda3d6' ignored in --skip-name-resolve mode.
2019-01-13 13:45:01 1 [Note] Event Scheduler: Loaded 0 events
2019-01-13 13:45:01 1 [Note] mysqld: ready for connections.
Version: '5.6.42-log'  socket: '/var/run/mysqld/mysqld.sock'  port: 3306  MySQL Community Server (GPL)
2019-01-13 13:49:20 1 [Note] Plugin 'FEDERATED' is disabled.
2019-01-13 13:49:20 1 [Note] InnoDB: Using atomics to ref count buffer pool pages
2019-01-13 13:49:20 1 [Note] InnoDB: The InnoDB memory heap is disabled
2019-01-13 13:49:20 1 [Note] InnoDB: Mutexes and rw_locks use GCC atomic builtins
2019-01-13 13:49:20 1 [Note] InnoDB: Memory barrier is not used
2019-01-13 13:49:20 1 [Note] InnoDB: Compressed tables use zlib 1.2.11
2019-01-13 13:49:20 1 [Note] InnoDB: Using Linux native AIO
2019-01-13 13:49:20 1 [Note] InnoDB: Using CPU crc32 instructions
2019-01-13 13:49:20 1 [Note] InnoDB: Initializing buffer pool, size = 128.0M
2019-01-13 13:49:20 1 [Note] InnoDB: Completed initialization of buffer pool
2019-01-13 13:49:20 1 [Note] InnoDB: Highest supported file format is Barracuda.
2019-01-13 13:49:20 1 [Note] InnoDB: The log sequence numbers 1942499 and 1942499 in ibdata files do not match the log sequence number 1942509 in the ib_logfiles!
2019-01-13 13:49:20 1 [Note] InnoDB: Database was not shutdown normally!
2019-01-13 13:49:20 1 [Note] InnoDB: Starting crash recovery.
2019-01-13 13:49:20 1 [Note] InnoDB: Reading tablespace information from the .ibd files...
2019-01-13 13:49:20 1 [Note] InnoDB: Restoring possible half-written data pages 
2019-01-13 13:49:20 1 [Note] InnoDB: from the doublewrite buffer...
2019-01-13 13:49:21 1 [Note] InnoDB: 128 rollback segment(s) are active.
2019-01-13 13:49:21 1 [Note] InnoDB: Waiting for purge to start
2019-01-13 13:49:21 1 [Note] InnoDB: 5.6.42 started; log sequence number 1942509
2019-01-13 13:49:21 1 [Note] Server hostname (bind-address): '*'; port: 3306
2019-01-13 13:49:21 1 [Note] IPv6 is available.
2019-01-13 13:49:21 1 [Note]   - '::' resolves to '::';
2019-01-13 13:49:21 1 [Note] Server socket created on IP: '::'.
2019-01-13 13:49:21 1 [Warning] Insecure configuration for --pid-file: Location '/var/run/mysqld' in the path is accessible to all OS users. Consider choosing a different directory.
2019-01-13 13:49:21 1 [Warning] 'proxies_priv' entry '@ root@c30c7ecda3d6' ignored in --skip-name-resolve mode.
2019-01-13 13:49:21 1 [Note] Event Scheduler: Loaded 0 events
2019-01-13 13:49:21 1 [Note] mysqld: ready for connections.
Version: '5.6.42-log'  socket: '/var/run/mysqld/mysqld.sock'  port: 3306  MySQL Community Server (GPL)
2019-01-13 13:53:32 1 [Note] Plugin 'FEDERATED' is disabled.
2019-01-13 13:53:32 1 [Note] InnoDB: Using atomics to ref count buffer pool pages
2019-01-13 13:53:32 1 [Note] InnoDB: The InnoDB memory heap is disabled
2019-01-13 13:53:32 1 [Note] InnoDB: Mutexes and rw_locks use GCC atomic builtins
2019-01-13 13:53:32 1 [Note] InnoDB: Memory barrier is not used
2019-01-13 13:53:32 1 [Note] InnoDB: Compressed tables use zlib 1.2.11
2019-01-13 13:53:32 1 [Note] InnoDB: Using Linux native AIO
2019-01-13 13:53:32 1 [Note] InnoDB: Using CPU crc32 instructions
2019-01-13 13:53:32 1 [Note] InnoDB: Initializing buffer pool, size = 128.0M
2019-01-13 13:53:32 1 [Note] InnoDB: Completed initialization of buffer pool
2019-01-13 13:53:32 1 [Note] InnoDB: Highest supported file format is Barracuda.
2019-01-13 13:53:32 1 [Note] InnoDB: The log sequence numbers 1942499 and 1942499 in ibdata files do not match the log sequence number 1942519 in the ib_logfiles!
2019-01-13 13:53:32 1 [Note] InnoDB: Database was not shutdown normally!
2019-01-13 13:53:32 1 [Note] InnoDB: Starting crash recovery.
2019-01-13 13:53:32 1 [Note] InnoDB: Reading tablespace information from the .ibd files...
2019-01-13 13:53:33 1 [Note] InnoDB: Restoring possible half-written data pages 
2019-01-13 13:53:33 1 [Note] InnoDB: from the doublewrite buffer...
2019-01-13 13:53:33 1 [Note] InnoDB: 128 rollback segment(s) are active.
2019-01-13 13:53:33 1 [Note] InnoDB: Waiting for purge to start
2019-01-13 13:53:33 1 [Note] InnoDB: 5.6.42 started; log sequence number 1942519
2019-01-13 13:53:33 1 [Note] Server hostname (bind-address): '*'; port: 3306
2019-01-13 13:53:33 1 [Note] IPv6 is available.
2019-01-13 13:53:33 1 [Note]   - '::' resolves to '::';
2019-01-13 13:53:33 1 [Note] Server socket created on IP: '::'.
2019-01-13 13:53:33 1 [Warning] Insecure configuration for --pid-file: Location '/var/run/mysqld' in the path is accessible to all OS users. Consider choosing a different directory.
2019-01-13 13:53:33 1 [Warning] 'proxies_priv' entry '@ root@c30c7ecda3d6' ignored in --skip-name-resolve mode.
2019-01-13 13:53:33 1 [Note] Event Scheduler: Loaded 0 events
2019-01-13 13:53:33 1 [Note] mysqld: ready for connections.
Version: '5.6.42-log'  socket: '/var/run/mysqld/mysqld.sock'  port: 3306  MySQL Community Server (GPL)
2019-01-13 15:29:19 1 [Note] Plugin 'FEDERATED' is disabled.
2019-01-13 15:29:19 1 [Note] InnoDB: Using atomics to ref count buffer pool pages
2019-01-13 15:29:19 1 [Note] InnoDB: The InnoDB memory heap is disabled
2019-01-13 15:29:19 1 [Note] InnoDB: Mutexes and rw_locks use GCC atomic builtins
2019-01-13 15:29:19 1 [Note] InnoDB: Memory barrier is not used
2019-01-13 15:29:19 1 [Note] InnoDB: Compressed tables use zlib 1.2.11
2019-01-13 15:29:19 1 [Note] InnoDB: Using Linux native AIO
2019-01-13 15:29:19 1 [Note] InnoDB: Using CPU crc32 instructions
2019-01-13 15:29:19 1 [Note] InnoDB: Initializing buffer pool, size = 128.0M
2019-01-13 15:29:19 1 [Note] InnoDB: Completed initialization of buffer pool
2019-01-13 15:29:19 1 [Note] InnoDB: Highest supported file format is Barracuda.
2019-01-13 15:29:19 1 [Note] InnoDB: The log sequence numbers 1942499 and 1942499 in ibdata files do not match the log sequence number 1942724 in the ib_logfiles!
2019-01-13 15:29:19 1 [Note] InnoDB: Database was not shutdown normally!
2019-01-13 15:29:19 1 [Note] InnoDB: Starting crash recovery.
2019-01-13 15:29:19 1 [Note] InnoDB: Reading tablespace information from the .ibd files...
2019-01-13 15:29:19 1 [Note] InnoDB: Restoring possible half-written data pages 
2019-01-13 15:29:19 1 [Note] InnoDB: from the doublewrite buffer...
2019-01-13 15:29:19 1 [Note] InnoDB: 128 rollback segment(s) are active.
2019-01-13 15:29:19 1 [Note] InnoDB: Waiting for purge to start
2019-01-13 15:29:19 1 [Note] InnoDB: 5.6.42 started; log sequence number 1942724
2019-01-13 15:29:19 1 [Note] Server hostname (bind-address): '*'; port: 3306
2019-01-13 15:29:19 1 [Note] IPv6 is available.
2019-01-13 15:29:19 1 [Note]   - '::' resolves to '::';
2019-01-13 15:29:19 1 [Note] Server socket created on IP: '::'.
2019-01-13 15:29:19 1 [Warning] Insecure configuration for --pid-file: Location '/var/run/mysqld' in the path is accessible to all OS users. Consider choosing a different directory.
2019-01-13 15:29:19 1 [Warning] 'proxies_priv' entry '@ root@c30c7ecda3d6' ignored in --skip-name-resolve mode.
2019-01-13 15:29:20 1 [Note] Event Scheduler: Loaded 0 events
2019-01-13 15:29:20 1 [Note] mysqld: ready for connections.
Version: '5.6.42-log'  socket: '/var/run/mysqld/mysqld.sock'  port: 3306  MySQL Community Server (GPL)
2019-01-13 15:38:21 1 [Note] Plugin 'FEDERATED' is disabled.
2019-01-13 15:38:21 1 [Note] InnoDB: Using atomics to ref count buffer pool pages
2019-01-13 15:38:21 1 [Note] InnoDB: The InnoDB memory heap is disabled
2019-01-13 15:38:21 1 [Note] InnoDB: Mutexes and rw_locks use GCC atomic builtins
2019-01-13 15:38:21 1 [Note] InnoDB: Memory barrier is not used
2019-01-13 15:38:21 1 [Note] InnoDB: Compressed tables use zlib 1.2.11
2019-01-13 15:38:21 1 [Note] InnoDB: Using Linux native AIO
2019-01-13 15:38:21 1 [Note] InnoDB: Using CPU crc32 instructions
2019-01-13 15:38:21 1 [Note] InnoDB: Initializing buffer pool, size = 128.0M
2019-01-13 15:38:21 1 [Note] InnoDB: Completed initialization of buffer pool
2019-01-13 15:38:21 1 [Note] InnoDB: Highest supported file format is Barracuda.
2019-01-13 15:38:21 1 [Note] InnoDB: The log sequence numbers 1942499 and 1942499 in ibdata files do not match the log sequence number 1943330 in the ib_logfiles!
2019-01-13 15:38:21 1 [Note] InnoDB: Database was not shutdown normally!
2019-01-13 15:38:21 1 [Note] InnoDB: Starting crash recovery.
2019-01-13 15:38:21 1 [Note] InnoDB: Reading tablespace information from the .ibd files...
2019-01-13 15:38:21 1 [Note] InnoDB: Restoring possible half-written data pages 
2019-01-13 15:38:21 1 [Note] InnoDB: from the doublewrite buffer...
2019-01-13 15:38:21 1 [Note] InnoDB: 128 rollback segment(s) are active.
2019-01-13 15:38:21 1 [Note] InnoDB: Waiting for purge to start
2019-01-13 15:38:21 1 [Note] InnoDB: 5.6.42 started; log sequence number 1943330
2019-01-13 15:38:21 1 [Note] Server hostname (bind-address): '*'; port: 3306
2019-01-13 15:38:21 1 [Note] IPv6 is available.
2019-01-13 15:38:21 1 [Note]   - '::' resolves to '::';
2019-01-13 15:38:21 1 [Note] Server socket created on IP: '::'.
2019-01-13 15:38:21 1 [Warning] Insecure configuration for --pid-file: Location '/var/run/mysqld' in the path is accessible to all OS users. Consider choosing a different directory.
2019-01-13 15:38:21 1 [Warning] 'proxies_priv' entry '@ root@c30c7ecda3d6' ignored in --skip-name-resolve mode.
2019-01-13 15:38:21 1 [Note] Event Scheduler: Loaded 0 events
2019-01-13 15:38:21 1 [Note] mysqld: ready for connections.
Version: '5.6.42-log'  socket: '/var/run/mysqld/mysqld.sock'  port: 3306  MySQL Community Server (GPL)
2019-01-13 16:31:38 1 [Note] mysqld: Normal shutdown

2019-01-13 16:31:38 1 [Note] Giving 0 client threads a chance to die gracefully
2019-01-13 16:31:38 1 [Note] Event Scheduler: Purging the queue. 0 events
2019-01-13 16:31:38 1 [Note] Shutting down slave threads
2019-01-13 16:31:38 1 [Note] Forcefully disconnecting 0 remaining clients
2019-01-13 16:31:38 1 [Note] Binlog end
2019-01-13 16:31:38 1 [Note] Shutting down plugin 'partition'
2019-01-13 16:31:38 1 [Note] Shutting down plugin 'PERFORMANCE_SCHEMA'
2019-01-13 16:31:38 1 [Note] Shutting down plugin 'INNODB_SYS_DATAFILES'
2019-01-13 16:31:38 1 [Note] Shutting down plugin 'INNODB_SYS_TABLESPACES'
2019-01-13 16:31:38 1 [Note] Shutting down plugin 'INNODB_SYS_FOREIGN_COLS'
2019-01-13 16:31:38 1 [Note] Shutting down plugin 'INNODB_SYS_FOREIGN'
2019-01-13 16:31:38 1 [Note] Shutting down plugin 'INNODB_SYS_FIELDS'
2019-01-13 16:31:38 1 [Note] Shutting down plugin 'INNODB_SYS_COLUMNS'
2019-01-13 16:31:38 1 [Note] Shutting down plugin 'INNODB_SYS_INDEXES'
2019-01-13 16:31:38 1 [Note] Shutting down plugin 'INNODB_SYS_TABLESTATS'
2019-01-13 16:31:38 1 [Note] Shutting down plugin 'INNODB_SYS_TABLES'
2019-01-13 16:31:38 1 [Note] Shutting down plugin 'INNODB_FT_INDEX_TABLE'
2019-01-13 16:31:38 1 [Note] Shutting down plugin 'INNODB_FT_INDEX_CACHE'
2019-01-13 16:31:38 1 [Note] Shutting down plugin 'INNODB_FT_CONFIG'
2019-01-13 16:31:38 1 [Note] Shutting down plugin 'INNODB_FT_BEING_DELETED'
2019-01-13 16:31:38 1 [Note] Shutting down plugin 'INNODB_FT_DELETED'
2019-01-13 16:31:38 1 [Note] Shutting down plugin 'INNODB_FT_DEFAULT_STOPWORD'
2019-01-13 16:31:38 1 [Note] Shutting down plugin 'INNODB_METRICS'
2019-01-13 16:31:38 1 [Note] Shutting down plugin 'INNODB_BUFFER_POOL_STATS'
2019-01-13 16:31:38 1 [Note] Shutting down plugin 'INNODB_BUFFER_PAGE_LRU'
2019-01-13 16:31:38 1 [Note] Shutting down plugin 'INNODB_BUFFER_PAGE'
2019-01-13 16:31:38 1 [Note] Shutting down plugin 'INNODB_CMP_PER_INDEX_RESET'
2019-01-13 16:31:38 1 [Note] Shutting down plugin 'INNODB_CMP_PER_INDEX'
2019-01-13 16:31:38 1 [Note] Shutting down plugin 'INNODB_CMPMEM_RESET'
2019-01-13 16:31:38 1 [Note] Shutting down plugin 'INNODB_CMPMEM'
2019-01-13 16:31:38 1 [Note] Shutting down plugin 'INNODB_CMP_RESET'
2019-01-13 16:31:38 1 [Note] Shutting down plugin 'INNODB_CMP'
2019-01-13 16:31:38 1 [Note] Shutting down plugin 'INNODB_LOCK_WAITS'
2019-01-13 16:31:38 1 [Note] Shutting down plugin 'INNODB_LOCKS'
2019-01-13 16:31:38 1 [Note] Shutting down plugin 'INNODB_TRX'
2019-01-13 16:31:38 1 [Note] Shutting down plugin 'InnoDB'
2019-01-13 16:31:38 1 [Note] InnoDB: FTS optimize thread exiting.
2019-01-13 16:31:38 1 [Note] InnoDB: Starting shutdown...
2019-01-13 16:31:39 1 [Note] InnoDB: Shutdown completed; log sequence number 1995502
2019-01-13 16:31:39 1 [Note] Shutting down plugin 'BLACKHOLE'
2019-01-13 16:31:39 1 [Note] Shutting down plugin 'ARCHIVE'
2019-01-13 16:31:39 1 [Note] Shutting down plugin 'MRG_MYISAM'
2019-01-13 16:31:39 1 [Note] Shutting down plugin 'MyISAM'
2019-01-13 16:31:39 1 [Note] Shutting down plugin 'MEMORY'
2019-01-13 16:31:39 1 [Note] Shutting down plugin 'CSV'
2019-01-13 16:31:39 1 [Note] Shutting down plugin 'sha256_password'
2019-01-13 16:31:39 1 [Note] Shutting down plugin 'mysql_old_password'
2019-01-13 16:31:39 1 [Note] Shutting down plugin 'mysql_native_password'
2019-01-13 16:31:39 1 [Note] Shutting down plugin 'binlog'
2019-01-13 16:31:39 1 [Note] mysqld: Shutdown complete

